Build started 9/14/2014 10:28:20 PM.
     1>Project "S:\Documents EX\New York University\Fall 2014\CS-UY 3113 Intro to Game Programming\GitHub ShunTse\ShunmanTse-CS3113-Repository\Homework 1\NYUCodebase\NYUCodebase.vcxproj" on node 2 (Build target(s)).
     1>ClCompile:
         C:\Program Files (x86)\Microsoft Visual Studio 12.0\VC\bin\CL.exe /c /IC:\SDL2\include /IC:\SDL2_image\include /ZI /nologo /W3 /WX- /sdl /Od /Oy- /D _MBCS /Gm /EHsc /RTC1 /MDd /GS /fp:precise /Zc:wchar_t /Zc:forScope /Fo"Debug\\" /Fd"Debug\vc120.pdb" /Gd /TP /analyze- /errorReport:prompt main.cpp
         main.cpp
     1>s:\documents ex\new york university\fall 2014\cs-uy 3113 intro to game programming\github shuntse\shunmantse-cs3113-repository\homework 1\nyucodebase\main.cpp(105): warning C4305: 'argument' : truncation from 'double' to 'float'
     1>s:\documents ex\new york university\fall 2014\cs-uy 3113 intro to game programming\github shuntse\shunmantse-cs3113-repository\homework 1\nyucodebase\main.cpp(109): warning C4305: 'argument' : truncation from 'double' to 'float'
     1>s:\documents ex\new york university\fall 2014\cs-uy 3113 intro to game programming\github shuntse\shunmantse-cs3113-repository\homework 1\nyucodebase\main.cpp(112): warning C4305: 'argument' : truncation from 'double' to 'float'
     1>s:\documents ex\new york university\fall 2014\cs-uy 3113 intro to game programming\github shuntse\shunmantse-cs3113-repository\homework 1\nyucodebase\main.cpp(113): warning C4305: 'argument' : truncation from 'double' to 'float'
     1>s:\documents ex\new york university\fall 2014\cs-uy 3113 intro to game programming\github shuntse\shunmantse-cs3113-repository\homework 1\nyucodebase\main.cpp(114): warning C4305: 'argument' : truncation from 'double' to 'float'
     1>s:\documents ex\new york university\fall 2014\cs-uy 3113 intro to game programming\github shuntse\shunmantse-cs3113-repository\homework 1\nyucodebase\main.cpp(115): warning C4305: 'argument' : truncation from 'double' to 'float'
     1>s:\documents ex\new york university\fall 2014\cs-uy 3113 intro to game programming\github shuntse\shunmantse-cs3113-repository\homework 1\nyucodebase\main.cpp(119): warning C4305: 'argument' : truncation from 'double' to 'float'
     1>s:\documents ex\new york university\fall 2014\cs-uy 3113 intro to game programming\github shuntse\shunmantse-cs3113-repository\homework 1\nyucodebase\main.cpp(120): warning C4305: 'argument' : truncation from 'double' to 'float'
     1>s:\documents ex\new york university\fall 2014\cs-uy 3113 intro to game programming\github shuntse\shunmantse-cs3113-repository\homework 1\nyucodebase\main.cpp(124): warning C4305: 'argument' : truncation from 'double' to 'float'
     1>s:\documents ex\new york university\fall 2014\cs-uy 3113 intro to game programming\github shuntse\shunmantse-cs3113-repository\homework 1\nyucodebase\main.cpp(125): warning C4305: 'argument' : truncation from 'double' to 'float'
     1>s:\documents ex\new york university\fall 2014\cs-uy 3113 intro to game programming\github shuntse\shunmantse-cs3113-repository\homework 1\nyucodebase\main.cpp(126): warning C4305: 'argument' : truncation from 'double' to 'float'
     1>s:\documents ex\new york university\fall 2014\cs-uy 3113 intro to game programming\github shuntse\shunmantse-cs3113-repository\homework 1\nyucodebase\main.cpp(127): warning C4305: 'argument' : truncation from 'double' to 'float'
     1>s:\documents ex\new york university\fall 2014\cs-uy 3113 intro to game programming\github shuntse\shunmantse-cs3113-repository\homework 1\nyucodebase\main.cpp(128): warning C4305: 'argument' : truncation from 'double' to 'float'
     1>s:\documents ex\new york university\fall 2014\cs-uy 3113 intro to game programming\github shuntse\shunmantse-cs3113-repository\homework 1\nyucodebase\main.cpp(133): warning C4305: 'argument' : truncation from 'double' to 'GLfloat'
       Link:
         C:\Program Files (x86)\Microsoft Visual Studio 12.0\VC\bin\link.exe /ERRORREPORT:PROMPT /OUT:"S:\Documents EX\New York University\Fall 2014\CS-UY 3113 Intro to Game Programming\GitHub ShunTse\ShunmanTse-CS3113-Repository\Homework 1\Debug\NYUCodebase.exe" /INCREMENTAL /NOLOGO /LIBPATH:C:\SDL2\lib\x86 /LIBPATH:C:\SDL2_image\lib\x86 SDL2.lib SDL2main.lib SDL2_image.lib OpenGL32.lib /MANIFEST /MANIFESTUAC:"level='asInvoker' uiAccess='false'" /manifest:embed /DEBUG /PDB:"S:\Documents EX\New York University\Fall 2014\CS-UY 3113 Intro to Game Programming\GitHub ShunTse\ShunmanTse-CS3113-Repository\Homework 1\Debug\NYUCodebase.pdb" /SUBSYSTEM:WINDOWS /TLBID:1 /DYNAMICBASE /NXCOMPAT /IMPLIB:"S:\Documents EX\New York University\Fall 2014\CS-UY 3113 Intro to Game Programming\GitHub ShunTse\ShunmanTse-CS3113-Repository\Homework 1\Debug\NYUCodebase.lib" /MACHINE:X86 Debug\main.obj
     1>MSVCRTD.lib(cinitexe.obj) : warning LNK4098: defaultlib 'msvcrt.lib' conflicts with use of other libs; use /NODEFAULTLIB:library
         NYUCodebase.vcxproj -> S:\Documents EX\New York University\Fall 2014\CS-UY 3113 Intro to Game Programming\GitHub ShunTse\ShunmanTse-CS3113-Repository\Homework 1\Debug\NYUCodebase.exe
     1>Done Building Project "S:\Documents EX\New York University\Fall 2014\CS-UY 3113 Intro to Game Programming\GitHub ShunTse\ShunmanTse-CS3113-Repository\Homework 1\NYUCodebase\NYUCodebase.vcxproj" (Build target(s)).

Build succeeded.

Time Elapsed 00:00:00.47
