Build started 10/27/2014 5:33:48 PM.
     1>Project "E:\Users\Eliza\documents\visual studio 2013\Projects\Homework 5 - NEW\NYUCodebase\NYUCodebase.vcxproj" on node 2 (Build target(s)).
     1>ClCompile:
         C:\Program Files (x86)\Microsoft Visual Studio 12.0\VC\bin\CL.exe /c /IC:\SDL2\include /IC:\SDL2_image\include /ZI /nologo /W3 /WX- /sdl /Od /Oy- /D _MBCS /Gm /EHsc /RTC1 /MDd /GS /fp:precise /Zc:wchar_t /Zc:forScope /Fo"Debug\\" /Fd"Debug\vc120.pdb" /Gd /TP /analyze- /errorReport:prompt PlatformerApp.cpp
         PlatformerApp.cpp
     1>e:\users\eliza\documents\visual studio 2013\projects\homework 5 - new\nyucodebase\platformerapp.cpp(98): warning C4018: '<' : signed/unsigned mismatch
     1>e:\users\eliza\documents\visual studio 2013\projects\homework 5 - new\nyucodebase\platformerapp.cpp(114): warning C4018: '<' : signed/unsigned mismatch
     1>e:\users\eliza\documents\visual studio 2013\projects\homework 5 - new\nyucodebase\platformerapp.cpp(119): warning C4018: '<' : signed/unsigned mismatch
     1>e:\users\eliza\documents\visual studio 2013\projects\homework 5 - new\nyucodebase\platformerapp.cpp(145): warning C4018: '<' : signed/unsigned mismatch
     1>e:\users\eliza\documents\visual studio 2013\projects\homework 5 - new\nyucodebase\platformerapp.cpp(146): warning C4018: '<' : signed/unsigned mismatch
     1>e:\users\eliza\documents\visual studio 2013\projects\homework 5 - new\nyucodebase\platformerapp.cpp(374): warning C4244: '=' : conversion from 'double' to 'float', possible loss of data
       Link:
         C:\Program Files (x86)\Microsoft Visual Studio 12.0\VC\bin\link.exe /ERRORREPORT:PROMPT /OUT:"E:\Users\Eliza\documents\visual studio 2013\Projects\Homework 5 - NEW\Debug\NYUCodebase.exe" /INCREMENTAL /NOLOGO /LIBPATH:C:\SDL2\lib\x86 /LIBPATH:C:\SDL2_image\lib\x86 SDL2.lib SDL2main.lib SDL2_image.lib OpenGL32.lib /MANIFEST /MANIFESTUAC:"level='asInvoker' uiAccess='false'" /manifest:embed /DEBUG /PDB:"E:\Users\Eliza\documents\visual studio 2013\Projects\Homework 5 - NEW\Debug\NYUCodebase.pdb" /SUBSYSTEM:WINDOWS /TLBID:1 /DYNAMICBASE /NXCOMPAT /IMPLIB:"E:\Users\Eliza\documents\visual studio 2013\Projects\Homework 5 - NEW\Debug\NYUCodebase.lib" /MACHINE:X86 Debug\Entity.obj
         Debug\main.obj
         Debug\PlatformerApp.obj
         Debug\SheetSprite.obj
         NYUCodebase.vcxproj -> E:\Users\Eliza\documents\visual studio 2013\Projects\Homework 5 - NEW\Debug\NYUCodebase.exe
     1>Done Building Project "E:\Users\Eliza\documents\visual studio 2013\Projects\Homework 5 - NEW\NYUCodebase\NYUCodebase.vcxproj" (Build target(s)).

Build succeeded.

Time Elapsed 00:00:00.81
