Build started 11/3/2014 10:57:58 PM.
     1>Project "S:\Documents EX\New York University\Fall 2014\CS-UY 3113 Intro to Game Programming\GitHub ShunTse\ShunmanTse-CS3113-HW7\Homework 7\NYUCodebase\NYUCodebase.vcxproj" on node 2 (Rebuild target(s)).
     1>ClCompile:
         C:\Program Files (x86)\Microsoft Visual Studio 12.0\VC\bin\CL.exe /c /IC:\SDL2\include /IC:\SDL2_image\include /IC:\SDL2_mixer\include /ZI /nologo /W3 /WX- /sdl /Od /Oy- /D _MBCS /Gm /EHsc /RTC1 /MDd /GS /fp:precise /Zc:wchar_t /Zc:forScope /Fo"Debug\\" /Fd"Debug\vc120.pdb" /Gd /TP /analyze- /errorReport:prompt AsteroidsApp.cpp Bullet.cpp Entity.cpp main.cpp Matrix.cpp Player.cpp SheetSprite.cpp Vector.cpp
         Vector.cpp
         SheetSprite.cpp
         Player.cpp
         Matrix.cpp
         main.cpp
         Entity.cpp
         Bullet.cpp
         AsteroidsApp.cpp
     1>s:\documents ex\new york university\fall 2014\cs-uy 3113 intro to game programming\github shuntse\shunmantse-cs3113-hw7\homework 7\nyucodebase\asteroidsapp.cpp(29): warning C4244: 'argument' : conversion from 'time_t' to 'unsigned int', possible loss of data
     1>s:\documents ex\new york university\fall 2014\cs-uy 3113 intro to game programming\github shuntse\shunmantse-cs3113-hw7\homework 7\nyucodebase\asteroidsapp.cpp(201): warning C4018: '<' : signed/unsigned mismatch
         Generating Code...
       Link:
         C:\Program Files (x86)\Microsoft Visual Studio 12.0\VC\bin\link.exe /ERRORREPORT:PROMPT /OUT:"S:\Documents EX\New York University\Fall 2014\CS-UY 3113 Intro to Game Programming\GitHub ShunTse\ShunmanTse-CS3113-HW7\Homework 7\Debug\NYUCodebase.exe" /INCREMENTAL /NOLOGO /LIBPATH:C:\SDL2\lib\x86 /LIBPATH:C:\SDL2_image\lib\x86 /LIBPATH:C:\SDL2_mixer\lib\x86 SDL2.lib SDL2main.lib SDL2_image.lib SDL2_mixer.lib OpenGL32.lib /MANIFEST /MANIFESTUAC:"level='asInvoker' uiAccess='false'" /manifest:embed /DEBUG /PDB:"S:\Documents EX\New York University\Fall 2014\CS-UY 3113 Intro to Game Programming\GitHub ShunTse\ShunmanTse-CS3113-HW7\Homework 7\Debug\NYUCodebase.pdb" /SUBSYSTEM:WINDOWS /TLBID:1 /DYNAMICBASE /NXCOMPAT /IMPLIB:"S:\Documents EX\New York University\Fall 2014\CS-UY 3113 Intro to Game Programming\GitHub ShunTse\ShunmanTse-CS3113-HW7\Homework 7\Debug\NYUCodebase.lib" /MACHINE:X86 Debug\AsteroidsApp.obj
         Debug\Bullet.obj
         Debug\Entity.obj
         Debug\main.obj
         Debug\Matrix.obj
         Debug\Player.obj
         Debug\SheetSprite.obj
         Debug\Vector.obj
     1>MSVCRTD.lib(cinitexe.obj) : warning LNK4098: defaultlib 'msvcrt.lib' conflicts with use of other libs; use /NODEFAULTLIB:library
         NYUCodebase.vcxproj -> S:\Documents EX\New York University\Fall 2014\CS-UY 3113 Intro to Game Programming\GitHub ShunTse\ShunmanTse-CS3113-HW7\Homework 7\Debug\NYUCodebase.exe
     1>Done Building Project "S:\Documents EX\New York University\Fall 2014\CS-UY 3113 Intro to Game Programming\GitHub ShunTse\ShunmanTse-CS3113-HW7\Homework 7\NYUCodebase\NYUCodebase.vcxproj" (Rebuild target(s)).

Build succeeded.

Time Elapsed 00:00:02.32
